<?xml version="1.0" encoding="UTF-8"?>
<!-- Generated by org.testng.reporters.JUnitReportReporter -->
<testsuite skipped="0" hostname="liudong0300" name="drivertest1" tests="1" failures="0" timestamp="23 十月 2019 06:31:09 GMT" time="6.989" errors="0">
  <testcase name="test_case3" time="6.989" classname="drivertest1"/>
</testsuite> <!-- drivertest1 -->
